<?xml version="1.0" encoding="UTF-8"?>
<!-- Generated by org.testng.reporters.JUnitReportReporter -->
<testsuite hostname="0404-2883" failures="0" tests="2" name="MSP_API.POST_OTP_Request" time="8.985" errors="0" timestamp="2020-05-22T19:55:37 IST" skipped="0">
  <testcase classname="MSP_API.POST_OTP_Request" name="request_OTP" time="1.764"/>
  <system-out/>
  <testcase classname="MSP_API.POST_OTP_Request" name="xAuth" time="7.221"/>
  <system-out/>
</testsuite> <!-- MSP_API.POST_OTP_Request -->
