<?xml version="1.0" encoding="UTF-8"?>
<!-- Generated by org.testng.reporters.JUnitReportReporter -->
<testsuite hostname="0404-2883" failures="0" tests="1" name="Demo_Auth" time="0.976" errors="0" timestamp="2020-05-21T00:18:38 IST" skipped="0">
  <testcase classname="Demo_Auth" name="xAuth" time="0.976"/>
  <system-out/>
</testsuite> <!-- Demo_Auth -->
