<?xml version="1.0" encoding="UTF-8"?>
<!-- Generated by org.testng.reporters.JUnitReportReporter -->
<testsuite hostname="0404-2883" failures="0" tests="2" name="MSP_API.POST_OTP" time="9.439" errors="0" timestamp="2020-05-25T10:45:07 IST" skipped="0">
  <testcase classname="MSP_API.POST_OTP" name="xAuth" time="7.507"/>
  <system-out/>
  <testcase classname="MSP_API.POST_OTP" name="request_OTP" time="1.932"/>
  <system-out/>
</testsuite> <!-- MSP_API.POST_OTP -->
