<?xml version="1.0" encoding="UTF-8"?>
<!-- Generated by org.testng.reporters.JUnitReportReporter -->
<testsuite skipped="0" hostname="DESKTOP-KTQRLUG" name="Common.Auth_token" tests="1" failures="0" timestamp="2020-05-23T00:04:50 IST" time="3.692" errors="0">
  <testcase name="xAuth" time="3.692" classname="Common.Auth_token"/>
  <system-out/>
</testsuite> <!-- Common.Auth_token -->
